<?xml version="1.0" encoding="UTF-8"?>
<!-- Generated by org.testng.reporters.JUnitReportReporter -->
<testsuite hostname="DESKTOP-KERRSTN" name="com.apex.customer.service.test.CustomerServiceGET_Parsing_JSON_Nested_Test_2" tests="1" failures="0" timestamp="11 May 2019 03:16:19 GMT" time="2.360" errors="0">
  <testcase name="testGetWithSuccessData" time="2.360" classname="com.apex.customer.service.test.CustomerServiceGET_Parsing_JSON_Nested_Test_2"/>
</testsuite> <!-- com.apex.customer.service.test.CustomerServiceGET_Parsing_JSON_Nested_Test_2 -->
