<?xml version="1.0" encoding="UTF-8"?>
<!-- Generated by org.testng.reporters.JUnitReportReporter -->
<testsuite hostname="DESKTOP-KERRSTN" name="com.apex.customer.service.test.GetResponseHeader" tests="1" failures="0" timestamp="11 May 2019 03:48:45 GMT" time="1.908" errors="0">
  <testcase name="getHeaders" time="1.908" classname="com.apex.customer.service.test.GetResponseHeader"/>
</testsuite> <!-- com.apex.customer.service.test.GetResponseHeader -->
