<?xml version="1.0" encoding="UTF-8"?>
<!-- Generated by org.testng.reporters.JUnitReportReporter -->
<testsuite hostname="DESKTOP-KERRSTN" name="com.apex.customer.service.test.CustomerServiceGET_Parsing_JSON_Test" tests="1" failures="0" timestamp="10 May 2019 05:43:45 GMT" time="2.038" errors="0">
  <testcase name="testGetWithSuccessData" time="2.038" classname="com.apex.customer.service.test.CustomerServiceGET_Parsing_JSON_Test"/>
</testsuite> <!-- com.apex.customer.service.test.CustomerServiceGET_Parsing_JSON_Test -->
