<?xml version="1.0" encoding="UTF-8"?>
<!-- Generated by org.testng.reporters.JUnitReportReporter -->
<testsuite hostname="DESKTOP-KERRSTN" name="com.apex.customer.service.test.CustomerServicePOST_Parsing_DataDriven_Test" tests="4" failures="0" timestamp="10 May 2019 07:34:41 GMT" time="3.329" errors="0">
  <testcase name="testPostWithSuccessData" time="0.405" classname="com.apex.customer.service.test.CustomerServicePOST_Parsing_DataDriven_Test"/>
  <testcase name="testPostWithSuccessData" time="2.105" classname="com.apex.customer.service.test.CustomerServicePOST_Parsing_DataDriven_Test"/>
  <testcase name="testPostWithSuccessData" time="0.406" classname="com.apex.customer.service.test.CustomerServicePOST_Parsing_DataDriven_Test"/>
  <testcase name="testPostWithSuccessData" time="0.413" classname="com.apex.customer.service.test.CustomerServicePOST_Parsing_DataDriven_Test"/>
</testsuite> <!-- com.apex.customer.service.test.CustomerServicePOST_Parsing_DataDriven_Test -->
