<?xml version="1.0" encoding="UTF-8"?>
<!-- Generated by org.testng.reporters.JUnitReportReporter -->
<testsuite hostname="DESKTOP-KERRSTN" name="com.apex.customer.service.test.CustomerDataPOST_TestNG" tests="49" failures="0" timestamp="4 May 2019 03:43:34 GMT" time="21.281" errors="0">
  <testcase name="customerSuccessPOST" time="0.400" classname="com.apex.customer.service.test.CustomerDataPOST_TestNG"/>
  <testcase name="customerSuccessPOST" time="0.400" classname="com.apex.customer.service.test.CustomerDataPOST_TestNG"/>
  <testcase name="customerSuccessPOST" time="0.393" classname="com.apex.customer.service.test.CustomerDataPOST_TestNG"/>
  <testcase name="customerSuccessPOST" time="0.400" classname="com.apex.customer.service.test.CustomerDataPOST_TestNG"/>
  <testcase name="customerSuccessPOST" time="0.418" classname="com.apex.customer.service.test.CustomerDataPOST_TestNG"/>
  <testcase name="customerSuccessPOST" time="0.383" classname="com.apex.customer.service.test.CustomerDataPOST_TestNG"/>
  <testcase name="customerSuccessPOST" time="0.402" classname="com.apex.customer.service.test.CustomerDataPOST_TestNG"/>
  <testcase name="customerSuccessPOST" time="0.395" classname="com.apex.customer.service.test.CustomerDataPOST_TestNG"/>
  <testcase name="customerSuccessPOST" time="0.391" classname="com.apex.customer.service.test.CustomerDataPOST_TestNG"/>
  <testcase name="customerSuccessPOST" time="2.094" classname="com.apex.customer.service.test.CustomerDataPOST_TestNG"/>
  <testcase name="customerSuccessPOST" time="0.385" classname="com.apex.customer.service.test.CustomerDataPOST_TestNG"/>
  <testcase name="customerSuccessPOST" time="0.403" classname="com.apex.customer.service.test.CustomerDataPOST_TestNG"/>
  <testcase name="customerSuccessPOST" time="0.393" classname="com.apex.customer.service.test.CustomerDataPOST_TestNG"/>
  <testcase name="customerSuccessPOST" time="0.426" classname="com.apex.customer.service.test.CustomerDataPOST_TestNG"/>
  <testcase name="customerSuccessPOST" time="0.385" classname="com.apex.customer.service.test.CustomerDataPOST_TestNG"/>
  <testcase name="customerSuccessPOST" time="0.401" classname="com.apex.customer.service.test.CustomerDataPOST_TestNG"/>
  <testcase name="customerSuccessPOST" time="0.410" classname="com.apex.customer.service.test.CustomerDataPOST_TestNG"/>
  <testcase name="customerSuccessPOST" time="0.401" classname="com.apex.customer.service.test.CustomerDataPOST_TestNG"/>
  <testcase name="customerSuccessPOST" time="0.402" classname="com.apex.customer.service.test.CustomerDataPOST_TestNG"/>
  <testcase name="customerSuccessPOST" time="0.386" classname="com.apex.customer.service.test.CustomerDataPOST_TestNG"/>
  <testcase name="customerSuccessPOST" time="0.406" classname="com.apex.customer.service.test.CustomerDataPOST_TestNG"/>
  <testcase name="customerSuccessPOST" time="0.406" classname="com.apex.customer.service.test.CustomerDataPOST_TestNG"/>
  <testcase name="customerSuccessPOST" time="0.392" classname="com.apex.customer.service.test.CustomerDataPOST_TestNG"/>
  <testcase name="customerSuccessPOST" time="0.393" classname="com.apex.customer.service.test.CustomerDataPOST_TestNG"/>
  <testcase name="customerSuccessPOST" time="0.381" classname="com.apex.customer.service.test.CustomerDataPOST_TestNG"/>
  <testcase name="customerSuccessPOST" time="0.404" classname="com.apex.customer.service.test.CustomerDataPOST_TestNG"/>
  <testcase name="customerSuccessPOST" time="0.390" classname="com.apex.customer.service.test.CustomerDataPOST_TestNG"/>
  <testcase name="customerSuccessPOST" time="0.389" classname="com.apex.customer.service.test.CustomerDataPOST_TestNG"/>
  <testcase name="customerSuccessPOST" time="0.384" classname="com.apex.customer.service.test.CustomerDataPOST_TestNG"/>
  <testcase name="customerSuccessPOST" time="0.413" classname="com.apex.customer.service.test.CustomerDataPOST_TestNG"/>
  <testcase name="customerSuccessPOST" time="0.405" classname="com.apex.customer.service.test.CustomerDataPOST_TestNG"/>
  <testcase name="customerSuccessPOST" time="0.398" classname="com.apex.customer.service.test.CustomerDataPOST_TestNG"/>
  <testcase name="customerSuccessPOST" time="0.407" classname="com.apex.customer.service.test.CustomerDataPOST_TestNG"/>
  <testcase name="customerSuccessPOST" time="0.377" classname="com.apex.customer.service.test.CustomerDataPOST_TestNG"/>
  <testcase name="customerSuccessPOST" time="0.399" classname="com.apex.customer.service.test.CustomerDataPOST_TestNG"/>
  <testcase name="customerSuccessPOST" time="0.397" classname="com.apex.customer.service.test.CustomerDataPOST_TestNG"/>
  <testcase name="customerSuccessPOST" time="0.468" classname="com.apex.customer.service.test.CustomerDataPOST_TestNG"/>
  <testcase name="customerSuccessPOST" time="0.427" classname="com.apex.customer.service.test.CustomerDataPOST_TestNG"/>
  <testcase name="customerSuccessPOST" time="0.399" classname="com.apex.customer.service.test.CustomerDataPOST_TestNG"/>
  <testcase name="customerSuccessPOST" time="0.383" classname="com.apex.customer.service.test.CustomerDataPOST_TestNG"/>
  <testcase name="customerSuccessPOST" time="0.387" classname="com.apex.customer.service.test.CustomerDataPOST_TestNG"/>
  <testcase name="customerSuccessPOST" time="0.407" classname="com.apex.customer.service.test.CustomerDataPOST_TestNG"/>
  <testcase name="customerSuccessPOST" time="0.383" classname="com.apex.customer.service.test.CustomerDataPOST_TestNG"/>
  <testcase name="customerSuccessPOST" time="0.416" classname="com.apex.customer.service.test.CustomerDataPOST_TestNG"/>
  <testcase name="customerSuccessPOST" time="0.405" classname="com.apex.customer.service.test.CustomerDataPOST_TestNG"/>
  <testcase name="customerSuccessPOST" time="0.404" classname="com.apex.customer.service.test.CustomerDataPOST_TestNG"/>
  <testcase name="customerSuccessPOST" time="0.391" classname="com.apex.customer.service.test.CustomerDataPOST_TestNG"/>
  <testcase name="customerSuccessPOST" time="0.405" classname="com.apex.customer.service.test.CustomerDataPOST_TestNG"/>
  <testcase name="customerSuccessPOST" time="0.397" classname="com.apex.customer.service.test.CustomerDataPOST_TestNG"/>
</testsuite> <!-- com.apex.customer.service.test.CustomerDataPOST_TestNG -->
