<?xml version="1.0" encoding="UTF-8"?>
<!-- Generated by org.testng.reporters.JUnitReportReporter -->
<testsuite hostname="DESKTOP-KERRSTN" name="com.apex.customer.service.test.CustomerServicePOST_Parsing_JSON_Test" tests="1" failures="0" timestamp="10 May 2019 23:34:55 GMT" time="2.476" errors="0">
  <testcase name="testPostWithSuccessData" time="2.476" classname="com.apex.customer.service.test.CustomerServicePOST_Parsing_JSON_Test"/>
</testsuite> <!-- com.apex.customer.service.test.CustomerServicePOST_Parsing_JSON_Test -->
