<?xml version="1.0" encoding="UTF-8"?>
<!-- Generated by org.testng.reporters.JUnitReportReporter -->
<testsuite hostname="DESKTOP-KERRSTN" name="com.apex.customer.service.test.CustomerServicePOST_Parsing_JSON_Nested_Test" tests="1" failures="0" timestamp="10 May 2019 23:31:05 GMT" time="2.488" errors="0">
  <testcase name="testPostWithSuccessData" time="2.488" classname="com.apex.customer.service.test.CustomerServicePOST_Parsing_JSON_Nested_Test"/>
</testsuite> <!-- com.apex.customer.service.test.CustomerServicePOST_Parsing_JSON_Nested_Test -->
