<?xml version="1.0" encoding="UTF-8"?>
<!-- Generated by org.testng.reporters.JUnitReportReporter -->
<testsuite hostname="DESKTOP-KERRSTN" name="com.apex.customer.service.test.CustomerServiceGET_Parsing_JSON_Nested_Test" tests="4" failures="0" timestamp="11 May 2019 02:22:08 GMT" time="6.376" errors="0">
  <testcase name="testGetWithSpecialCharacterData" time="0.455" classname="com.apex.customer.service.test.CustomerServiceGET_Parsing_JSON_Nested_Test"/>
  <testcase name="testGetWithSuccessData" time="1.256" classname="com.apex.customer.service.test.CustomerServiceGET_Parsing_JSON_Nested_Test"/>
  <testcase name="testGetWithEmptyData" time="3.763" classname="com.apex.customer.service.test.CustomerServiceGET_Parsing_JSON_Nested_Test"/>
  <testcase name="testGetWithStringData" time="0.902" classname="com.apex.customer.service.test.CustomerServiceGET_Parsing_JSON_Nested_Test"/>
</testsuite> <!-- com.apex.customer.service.test.CustomerServiceGET_Parsing_JSON_Nested_Test -->
