<?xml version="1.0" encoding="UTF-8"?>
<!-- Generated by org.testng.reporters.JUnitReportReporter -->
<testsuite hostname="DESKTOP-KERRSTN" name="com.gson.sample.GsonNestedObjectExample" tests="1" failures="0" timestamp="11 May 2019 02:24:22 GMT" time="0.193" errors="0">
  <testcase name="getSuccessdDataFromJson_2" time="0.193" classname="com.gson.sample.GsonNestedObjectExample"/>
</testsuite> <!-- com.gson.sample.GsonNestedObjectExample -->
