<?xml version="1.0" encoding="UTF-8"?>
<!-- Generated by org.testng.reporters.JUnitReportReporter -->
<testsuite hostname="DESKTOP-KERRSTN" name="com.apex.customer.service.test.CustomerServiceGET_Test" tests="5" failures="0" timestamp="8 May 2019 05:29:47 GMT" time="3.407" errors="0">
  <testcase name="testGetWithBlank" time="1.853" classname="com.apex.customer.service.test.CustomerServiceGET_Test"/>
  <testcase name="testGetwithNotExisting" time="0.382" classname="com.apex.customer.service.test.CustomerServiceGET_Test"/>
  <testcase name="testGetwithNonDigit" time="0.381" classname="com.apex.customer.service.test.CustomerServiceGET_Test"/>
  <testcase name="testGetWithSuccessData" time="0.387" classname="com.apex.customer.service.test.CustomerServiceGET_Test"/>
  <testcase name="testGetwithString" time="0.404" classname="com.apex.customer.service.test.CustomerServiceGET_Test"/>
</testsuite> <!-- com.apex.customer.service.test.CustomerServiceGET_Test -->
