<?xml version="1.0" encoding="UTF-8"?>
<!-- Generated by org.testng.reporters.JUnitReportReporter -->
<testsuite hostname="DESKTOP-KERRSTN" name="com.apex.customer.service.test.CustomerServiceGET_Parsing_Test" tests="5" failures="0" timestamp="10 May 2019 18:13:22 GMT" time="3.633" errors="0">
  <testcase name="testGetWithSuccessData" time="0.412" classname="com.apex.customer.service.test.CustomerServiceGET_Parsing_Test"/>
  <testcase name="testGetwithNotExisting" time="0.384" classname="com.apex.customer.service.test.CustomerServiceGET_Parsing_Test"/>
  <testcase name="testGetwithNonDigit" time="0.406" classname="com.apex.customer.service.test.CustomerServiceGET_Parsing_Test"/>
  <testcase name="testGetWithBlank" time="2.043" classname="com.apex.customer.service.test.CustomerServiceGET_Parsing_Test"/>
  <testcase name="testGetwithString" time="0.388" classname="com.apex.customer.service.test.CustomerServiceGET_Parsing_Test"/>
</testsuite> <!-- com.apex.customer.service.test.CustomerServiceGET_Parsing_Test -->
