<?xml version="1.0" encoding="UTF-8"?>
<!-- Generated by org.testng.reporters.JUnitReportReporter -->
<testsuite hostname="DESKTOP-KERRSTN" name="com.apex.ecommerce.Order.page.AddToCartDataDrivenTest" tests="3" failures="0" timestamp="28 Apr 2019 06:50:24 GMT" time="39.671" errors="0">
  <testcase name="addToCart" time="13.099" classname="com.apex.ecommerce.Order.page.AddToCartDataDrivenTest"/>
  <testcase name="addToCart" time="14.632" classname="com.apex.ecommerce.Order.page.AddToCartDataDrivenTest"/>
  <testcase name="addToCart" time="11.940" classname="com.apex.ecommerce.Order.page.AddToCartDataDrivenTest"/>
</testsuite> <!-- com.apex.ecommerce.Order.page.AddToCartDataDrivenTest -->
