<?xml version="1.0" encoding="UTF-8"?>
<!-- Generated by org.testng.reporters.JUnitReportReporter -->
<testsuite hostname="DESKTOP-KERRSTN" name="com.apex.ecommerce.signon.LoginTestDataDriven" tests="9" failures="0" timestamp="26 Apr 2019 01:02:02 GMT" time="165.191" errors="0">
  <testcase name="testSuccessLogon" time="14.659" classname="com.apex.ecommerce.signon.LoginTestDataDriven"/>
  <testcase name="testSuccessLogon" time="16.740" classname="com.apex.ecommerce.signon.LoginTestDataDriven"/>
  <testcase name="testSuccessLogon" time="28.290" classname="com.apex.ecommerce.signon.LoginTestDataDriven"/>
  <testcase name="testSuccessLogon" time="17.340" classname="com.apex.ecommerce.signon.LoginTestDataDriven"/>
  <testcase name="testSuccessLogon" time="20.831" classname="com.apex.ecommerce.signon.LoginTestDataDriven"/>
  <testcase name="testSuccessLogon" time="17.922" classname="com.apex.ecommerce.signon.LoginTestDataDriven"/>
  <testcase name="testSuccessLogon" time="19.866" classname="com.apex.ecommerce.signon.LoginTestDataDriven"/>
  <testcase name="testSuccessLogon" time="13.771" classname="com.apex.ecommerce.signon.LoginTestDataDriven"/>
  <testcase name="testSuccessLogon" time="15.772" classname="com.apex.ecommerce.signon.LoginTestDataDriven"/>
</testsuite> <!-- com.apex.ecommerce.signon.LoginTestDataDriven -->
