<?xml version="1.0" encoding="UTF-8"?>
<!-- Generated by org.testng.reporters.JUnitReportReporter -->
<testsuite hostname="DESKTOP-KERRSTN" name="com.apex.ecommerce.signon.LostPasswordTest" tests="4" failures="0" timestamp="25 Apr 2019 06:30:42 GMT" time="66.285" errors="0">
  <testcase name="lostPasswordMissingDot" time="14.372" classname="com.apex.ecommerce.signon.LostPasswordTest"/>
  <testcase name="lostPasswordInValidEmailId" time="13.754" classname="com.apex.ecommerce.signon.LostPasswordTest"/>
  <testcase name="lostPasswordValidEmailId" time="21.532" classname="com.apex.ecommerce.signon.LostPasswordTest"/>
  <testcase name="lostPasswordMissingAtSymbol" time="16.627" classname="com.apex.ecommerce.signon.LostPasswordTest"/>
</testsuite> <!-- com.apex.ecommerce.signon.LostPasswordTest -->
