<?xml version="1.0" encoding="UTF-8"?>
<!-- Generated by org.testng.reporters.JUnitReportReporter -->
<testsuite hostname="DESKTOP-KERRSTN" name="com.apex.ecommerce.Order.AddToCartTest" tests="1" failures="0" timestamp="29 Apr 2019 23:03:08 GMT" time="36.540" errors="0">
  <testcase name="successAddToCart" time="36.540" classname="com.apex.ecommerce.Order.AddToCartTest"/>
</testsuite> <!-- com.apex.ecommerce.Order.AddToCartTest -->
