<?xml version="1.0" encoding="UTF-8"?>
<!-- Generated by org.testng.reporters.JUnitReportReporter -->
<testsuite hostname="DESKTOP-KERRSTN" name="com.apex.ecommerce.Order.AddToCartDataDrivenTest" tests="3" failures="0" timestamp="29 Apr 2019 23:05:46 GMT" time="49.923" errors="0">
  <testcase name="addToCart" time="14.356" classname="com.apex.ecommerce.Order.AddToCartDataDrivenTest"/>
  <testcase name="addToCart" time="19.178" classname="com.apex.ecommerce.Order.AddToCartDataDrivenTest"/>
  <testcase name="addToCart" time="16.389" classname="com.apex.ecommerce.Order.AddToCartDataDrivenTest"/>
</testsuite> <!-- com.apex.ecommerce.Order.AddToCartDataDrivenTest -->
