<?xml version="1.0" encoding="UTF-8"?>
<!-- Generated by org.testng.reporters.JUnitReportReporter -->
<testsuite hostname="DESKTOP-KERRSTN" name="com.apex.ecommerce.core.BaseProductPage" tests="1" failures="0" timestamp="26 Apr 2019 21:05:42 GMT" time="21.773" errors="0">
  <testcase name="openProductTab" time="21.773" classname="com.apex.ecommerce.core.BaseProductPage"/>
</testsuite> <!-- com.apex.ecommerce.core.BaseProductPage -->
