<?xml version="1.0" encoding="UTF-8"?>
<!-- Generated by org.testng.reporters.JUnitReportReporter -->
<testsuite hostname="DESKTOP-KERRSTN" name="com.apex.ecommerce.register.RegisterTest2" tests="3" failures="0" timestamp="29 Apr 2019 23:00:54 GMT" time="49.309" errors="0">
  <testcase name="testSuccessSignup" time="17.681" classname="com.apex.ecommerce.register.RegisterTest2"/>
  <testcase name="testSuccessSignup" time="14.530" classname="com.apex.ecommerce.register.RegisterTest2"/>
  <testcase name="testSuccessSignup" time="17.098" classname="com.apex.ecommerce.register.RegisterTest2"/>
</testsuite> <!-- com.apex.ecommerce.register.RegisterTest2 -->
