<?xml version="1.0" encoding="UTF-8"?>
<!-- Generated by org.testng.reporters.JUnitReportReporter -->
<testsuite hostname="DESKTOP-KERRSTN" name="com.apex.ecommerce.Order.DeleteMyCartTest" tests="1" failures="0" timestamp="30 Apr 2019 00:44:45 GMT" time="40.156" errors="0">
  <testcase name="deleteMyCart" time="40.156" classname="com.apex.ecommerce.Order.DeleteMyCartTest"/>
</testsuite> <!-- com.apex.ecommerce.Order.DeleteMyCartTest -->
