<?xml version="1.0" encoding="UTF-8"?>
<!-- Generated by org.testng.reporters.JUnitReportReporter -->
<testsuite hostname="DESKTOP-KERRSTN" name="com.apex.ecommerce.Order.EditMyCartTest" tests="1" failures="0" timestamp="30 Apr 2019 00:12:31 GMT" time="27.348" errors="0">
  <testcase name="editMyCart" time="27.348" classname="com.apex.ecommerce.Order.EditMyCartTest"/>
</testsuite> <!-- com.apex.ecommerce.Order.EditMyCartTest -->
