<?xml version="1.0" encoding="UTF-8"?>
<!-- Generated by org.testng.reporters.JUnitReportReporter -->
<testsuite hostname="DESKTOP-KERRSTN" name="com.apex.ecommerce.register.RegisterTest" tests="3" failures="0" timestamp="30 Apr 2019 23:55:25 GMT" time="30.411" errors="0">
  <testcase name="testSignupAlreadyExistUser" time="9.140" classname="com.apex.ecommerce.register.RegisterTest"/>
  <testcase name="testSignupCheckTermsandCondition" time="9.289" classname="com.apex.ecommerce.register.RegisterTest"/>
  <testcase name="testSuccessSignup" time="11.982" classname="com.apex.ecommerce.register.RegisterTest"/>
</testsuite> <!-- com.apex.ecommerce.register.RegisterTest -->
