<?xml version="1.0" encoding="UTF-8"?>
<!-- Generated by org.testng.reporters.JUnitReportReporter -->
<testsuite hostname="DESKTOP-KERRSTN" name="com.apex.eom.webservices.tests.CustomerDataPOST_TestNG" tests="1" failures="0" timestamp="4 May 2019 00:35:12 GMT" time="1.925" errors="0">
  <testcase name="customerSuccessPOST" time="1.925" classname="com.apex.eom.webservices.tests.CustomerDataPOST_TestNG"/>
</testsuite> <!-- com.apex.eom.webservices.tests.CustomerDataPOST_TestNG -->
