<?xml version="1.0" encoding="UTF-8"?>
<!-- Generated by org.testng.reporters.JUnitReportReporter -->
<testsuite hostname="DESKTOP-KERRSTN" name="com.apex.eom.webservices.tests.CustomerDataDelete_TestNG" tests="1" failures="0" timestamp="3 May 2019 06:20:09 GMT" time="1.891" errors="0">
  <testcase name="customerSuccessDelete" time="1.891" classname="com.apex.eom.webservices.tests.CustomerDataDelete_TestNG"/>
</testsuite> <!-- com.apex.eom.webservices.tests.CustomerDataDelete_TestNG -->
