<?xml version="1.0" encoding="UTF-8"?>
<!-- Generated by org.testng.reporters.JUnitReportReporter -->
<testsuite hostname="DESKTOP-KERRSTN" name="com.apex.eom.webservices.tests.ClientServiceTestNG" tests="5" failures="0" timestamp="3 May 2019 06:01:26 GMT" time="5.758" errors="0">
  <testcase name="testGetwithString" time="0.390" classname="com.apex.eom.webservices.tests.ClientServiceTestNG"/>
  <testcase name="testGetWithSuccessData" time="0.508" classname="com.apex.eom.webservices.tests.ClientServiceTestNG"/>
  <testcase name="testGetwithNonDigit" time="0.397" classname="com.apex.eom.webservices.tests.ClientServiceTestNG"/>
  <testcase name="testGetwithNotExisting" time="0.397" classname="com.apex.eom.webservices.tests.ClientServiceTestNG"/>
  <testcase name="testGetWithBlank" time="4.066" classname="com.apex.eom.webservices.tests.ClientServiceTestNG"/>
</testsuite> <!-- com.apex.eom.webservices.tests.ClientServiceTestNG -->
