<?xml version="1.0" encoding="UTF-8"?>
<!-- Generated by org.testng.reporters.JUnitReportReporter -->
<testsuite skipped="0" hostname="DESKTOP-KERRSTN" name="com.inetbanking.testcases.TC_LoginTest_001" tests="1" failures="0" timestamp="16 Apr 2019 06:55:52 GMT" time="10.873" errors="0">
  <testcase name="loginTest" time="10.873" classname="com.inetbanking.testcases.TC_LoginTest_001"/>
</testsuite> <!-- com.inetbanking.testcases.TC_LoginTest_001 -->
