<?xml version="1.0" encoding="UTF-8"?>
<!-- Generated by org.testng.reporters.JUnitReportReporter -->
<testsuite skipped="5" hostname="DESKTOP-KERRSTN" name="com.apex.testng.my_selenium_testng_tests.EcommerceUserLostpassword" tests="5" failures="0" timestamp="13 May 2019 20:14:57 GMT" time="0.000" errors="0">
  <testcase name="lostPasswordSendInvalidMail2" time="0.000" classname="com.apex.testng.my_selenium_testng_tests.EcommerceUserLostpassword">
    <skipped/>
  </testcase> <!-- lostPasswordSendInvalidMail2 -->
  <testcase name="checkLostPassword" time="0.000" classname="com.apex.testng.my_selenium_testng_tests.EcommerceUserLostpassword">
    <skipped/>
  </testcase> <!-- checkLostPassword -->
  <testcase name="lostPasswordSendMail" time="0.000" classname="com.apex.testng.my_selenium_testng_tests.EcommerceUserLostpassword">
    <skipped/>
  </testcase> <!-- lostPasswordSendMail -->
  <testcase name="lostPasswordClick" time="0.000" classname="com.apex.testng.my_selenium_testng_tests.EcommerceUserLostpassword">
    <skipped/>
  </testcase> <!-- lostPasswordClick -->
  <testcase name="lostPasswordSendInvalidMail1" time="0.000" classname="com.apex.testng.my_selenium_testng_tests.EcommerceUserLostpassword">
    <skipped/>
  </testcase> <!-- lostPasswordSendInvalidMail1 -->
</testsuite> <!-- com.apex.testng.my_selenium_testng_tests.EcommerceUserLostpassword -->
