<?xml version="1.0" encoding="UTF-8"?>
<!-- Generated by org.testng.reporters.JUnitReportReporter -->
<testsuite skipped="0" hostname="DESKTOP-KERRSTN" name="sampleTests.GroupingExample" tests="2" failures="0" timestamp="2019-10-04T23:36:16 PDT" time="0.007" errors="0">
  <testcase name="test2" time="0.002" classname="sampleTests.GroupingExample"/>
  <testcase name="test1" time="0.005" classname="sampleTests.GroupingExample"/>
</testsuite> <!-- sampleTests.GroupingExample -->
