<?xml version="1.0" encoding="UTF-8"?>
<!-- Generated by org.testng.reporters.JUnitReportReporter -->
<testsuite skipped="5" hostname="DESKTOP-KERRSTN" name="com.apex.testng.my_selenium_testng_tests.NewTest" tests="5" failures="0" timestamp="13 May 2019 20:14:57 GMT" time="0.000" errors="0">
  <testcase name="loginUser" time="0.000" classname="com.apex.testng.my_selenium_testng_tests.NewTest">
    <skipped/>
  </testcase> <!-- loginUser -->
  <testcase name="loginUser" time="0.000" classname="com.apex.testng.my_selenium_testng_tests.NewTest">
    <skipped/>
  </testcase> <!-- loginUser -->
  <testcase name="loginUser" time="0.000" classname="com.apex.testng.my_selenium_testng_tests.NewTest">
    <skipped/>
  </testcase> <!-- loginUser -->
  <testcase name="loginUser" time="0.000" classname="com.apex.testng.my_selenium_testng_tests.NewTest">
    <skipped/>
  </testcase> <!-- loginUser -->
  <testcase name="loginUser" time="0.000" classname="com.apex.testng.my_selenium_testng_tests.NewTest">
    <skipped/>
  </testcase> <!-- loginUser -->
</testsuite> <!-- com.apex.testng.my_selenium_testng_tests.NewTest -->
