<?xml version="1.0" encoding="UTF-8"?>
<!-- Generated by org.testng.reporters.JUnitReportReporter -->
<testsuite skipped="1" hostname="DESKTOP-KERRSTN" name="com.apex.testng.my_selenium_testng_tests.EcommerceWishList" tests="1" failures="0" timestamp="13 May 2019 20:14:57 GMT" time="0.000" errors="0">
  <testcase name="myWishList" time="0.000" classname="com.apex.testng.my_selenium_testng_tests.EcommerceWishList">
    <skipped/>
  </testcase> <!-- myWishList -->
</testsuite> <!-- com.apex.testng.my_selenium_testng_tests.EcommerceWishList -->
