<?xml version="1.0" encoding="UTF-8"?>
<!-- Generated by org.testng.reporters.JUnitReportReporter -->
<testsuite skipped="0" hostname="DESKTOP-KERRSTN" name="com.apex.testng.my_selenium_testng_tests.EcommerceAddToCartDataDriven" tests="5" failures="0" timestamp="26 Apr 2019 02:13:25 GMT" time="11.746" errors="0">
  <testcase name="addToCart" time="2.305" classname="com.apex.testng.my_selenium_testng_tests.EcommerceAddToCartDataDriven"/>
  <testcase name="addToCart" time="3.047" classname="com.apex.testng.my_selenium_testng_tests.EcommerceAddToCartDataDriven"/>
  <testcase name="addToCart" time="2.313" classname="com.apex.testng.my_selenium_testng_tests.EcommerceAddToCartDataDriven"/>
  <testcase name="addToCart" time="0.996" classname="com.apex.testng.my_selenium_testng_tests.EcommerceAddToCartDataDriven"/>
  <testcase name="addToCart" time="3.085" classname="com.apex.testng.my_selenium_testng_tests.EcommerceAddToCartDataDriven"/>
</testsuite> <!-- com.apex.testng.my_selenium_testng_tests.EcommerceAddToCartDataDriven -->
