<?xml version="1.0" encoding="UTF-8"?>
<!-- Generated by org.testng.reporters.JUnitReportReporter -->
<testsuite skipped="2" hostname="DESKTOP-KERRSTN" name="com.apex.testng.my_selenium_testng_tests.EcommerceSignupPage" tests="2" failures="0" timestamp="13 May 2019 20:14:57 GMT" time="0.000" errors="0">
  <testcase name="signupPage" time="0.000" classname="com.apex.testng.my_selenium_testng_tests.EcommerceSignupPage">
    <skipped/>
  </testcase> <!-- signupPage -->
  <testcase name="signupPage" time="0.000" classname="com.apex.testng.my_selenium_testng_tests.EcommerceSignupPage">
    <skipped/>
  </testcase> <!-- signupPage -->
</testsuite> <!-- com.apex.testng.my_selenium_testng_tests.EcommerceSignupPage -->
