<?xml version="1.0" encoding="UTF-8"?>
<!-- Generated by org.testng.reporters.JUnitReportReporter -->
<testsuite skipped="0" hostname="DESKTOP-KERRSTN" name="com.apex.testng.my_selenium_testng_tests.EcommerceDeleteMyCart2" tests="1" failures="0" timestamp="26 Apr 2019 01:58:16 GMT" time="22.757" errors="0">
  <testcase name="deleteMyCart" time="22.757" classname="com.apex.testng.my_selenium_testng_tests.EcommerceDeleteMyCart2"/>
</testsuite> <!-- com.apex.testng.my_selenium_testng_tests.EcommerceDeleteMyCart2 -->
