<?xml version="1.0" encoding="UTF-8"?>
<!-- Generated by org.testng.reporters.JUnitReportReporter -->
<testsuite skipped="0" hostname="DESKTOP-KERRSTN" name="com.apex.testng.my_selenium_testng_tests.EcommerceDeleteMyCartDataDriven" tests="5" failures="0" timestamp="26 Apr 2019 02:14:28 GMT" time="7.180" errors="0">
  <testcase name="deleteMyCart" time="3.020" classname="com.apex.testng.my_selenium_testng_tests.EcommerceDeleteMyCartDataDriven"/>
  <testcase name="deleteMyCart" time="0.399" classname="com.apex.testng.my_selenium_testng_tests.EcommerceDeleteMyCartDataDriven"/>
  <testcase name="deleteMyCart" time="0.350" classname="com.apex.testng.my_selenium_testng_tests.EcommerceDeleteMyCartDataDriven"/>
  <testcase name="deleteMyCart" time="0.350" classname="com.apex.testng.my_selenium_testng_tests.EcommerceDeleteMyCartDataDriven"/>
  <testcase name="deleteMyCart" time="3.061" classname="com.apex.testng.my_selenium_testng_tests.EcommerceDeleteMyCartDataDriven"/>
</testsuite> <!-- com.apex.testng.my_selenium_testng_tests.EcommerceDeleteMyCartDataDriven -->
