<?xml version="1.0" encoding="UTF-8"?>
<!-- Generated by org.testng.reporters.JUnitReportReporter -->
<testsuite skipped="0" hostname="DESKTOP-KERRSTN" name="com.apex.testng.my_selenium_testng_tests.EcommerceProductsPage" tests="1" failures="0" timestamp="22 Apr 2019 23:46:34 GMT" time="5.535" errors="0">
  <testcase name="productTab" time="5.535" classname="com.apex.testng.my_selenium_testng_tests.EcommerceProductsPage"/>
</testsuite> <!-- com.apex.testng.my_selenium_testng_tests.EcommerceProductsPage -->
