<?xml version="1.0" encoding="UTF-8"?>
<!-- Generated by org.testng.reporters.JUnitReportReporter -->
<testsuite skipped="0" hostname="DESKTOP-KERRSTN" name="com.apex.testng.my_selenium_testng_tests.EcommerceDeleteMyCart" tests="1" failures="0" timestamp="30 Apr 2019 20:39:58 GMT" time="61.740" errors="0">
  <testcase name="deleteMyCart" time="61.740" classname="com.apex.testng.my_selenium_testng_tests.EcommerceDeleteMyCart"/>
</testsuite> <!-- com.apex.testng.my_selenium_testng_tests.EcommerceDeleteMyCart -->
