<?xml version="1.0" encoding="UTF-8"?>
<!-- Generated by org.testng.reporters.JUnitReportReporter -->
<testsuite skipped="0" hostname="DESKTOP-KERRSTN" name="com.apex.testng.my_selenium_testng_tests.EcommerceMyCartDelete" tests="1" failures="0" timestamp="23 Apr 2019 17:40:52 GMT" time="17.715" errors="0">
  <testcase name="deleteMyCart" time="17.715" classname="com.apex.testng.my_selenium_testng_tests.EcommerceMyCartDelete"/>
</testsuite> <!-- com.apex.testng.my_selenium_testng_tests.EcommerceMyCartDelete -->
