<?xml version="1.0" encoding="UTF-8"?>
<!-- Generated by org.testng.reporters.JUnitReportReporter -->
<testsuite skipped="0" hostname="DESKTOP-KERRSTN" name="com.apex.testng.my_selenium_testng_tests.EcommerceEditMyCart" tests="1" failures="0" timestamp="01 May 2019 00:47:34 GMT" time="28.099" errors="0">
  <testcase name="myCartEdit" time="28.099" classname="com.apex.testng.my_selenium_testng_tests.EcommerceEditMyCart"/>
</testsuite> <!-- com.apex.testng.my_selenium_testng_tests.EcommerceEditMyCart -->
