<?xml version="1.0" encoding="UTF-8"?>
<!-- Generated by org.testng.reporters.JUnitReportReporter -->
<testsuite skipped="0" hostname="DESKTOP-KERRSTN" name="sampleTests.ParametersExample" tests="1" failures="0" timestamp="2019-10-04T23:36:16 PDT" time="9.410" errors="0">
  <testcase name="searchPage" time="9.410" classname="sampleTests.ParametersExample"/>
</testsuite> <!-- sampleTests.ParametersExample -->
