<?xml version="1.0" encoding="UTF-8"?>
<!-- Generated by org.testng.reporters.JUnitReportReporter -->
<testsuite skipped="0" hostname="DESKTOP-KERRSTN" name="com.apex.testng.my_selenium_testng_tests.EcommerceEditMyCartDataDriven" tests="2" failures="0" timestamp="26 Apr 2019 02:13:50 GMT" time="2.503" errors="0">
  <testcase name="myCartEdit" time="1.775" classname="com.apex.testng.my_selenium_testng_tests.EcommerceEditMyCartDataDriven"/>
  <testcase name="myCartEdit" time="0.728" classname="com.apex.testng.my_selenium_testng_tests.EcommerceEditMyCartDataDriven"/>
</testsuite> <!-- com.apex.testng.my_selenium_testng_tests.EcommerceEditMyCartDataDriven -->
