<?xml version="1.0" encoding="UTF-8"?>
<!-- Generated by org.testng.reporters.JUnitReportReporter -->
<testsuite skipped="0" hostname="DESKTOP-KERRSTN" name="com.apex.testng.my_selenium_testng_tests.EcommerceMyCart" tests="1" failures="0" timestamp="22 Apr 2019 23:55:21 GMT" time="17.610" errors="0">
  <testcase name="myCartEdit" time="17.610" classname="com.apex.testng.my_selenium_testng_tests.EcommerceMyCart"/>
</testsuite> <!-- com.apex.testng.my_selenium_testng_tests.EcommerceMyCart -->
