<?xml version="1.0" encoding="UTF-8"?>
<!-- Generated by org.testng.reporters.JUnitReportReporter -->
<testsuite skipped="0" hostname="DESKTOP-KERRSTN" name="testnglistener.TestngListener" tests="1" failures="0" timestamp="2019-10-08T22:53:25 PDT" time="0.022" errors="0">
  <testcase name="testngListnerMethod" time="0.022" classname="testnglistener.TestngListener"/>
</testsuite> <!-- testnglistener.TestngListener -->
