<?xml version="1.0" encoding="UTF-8"?>
<!-- Generated by org.testng.reporters.JUnitReportReporter -->
<testsuite skipped="0" hostname="DESKTOP-KERRSTN" name="com.apex.test.samples.New" tests="5" failures="0" timestamp="10 Apr 2019 17:45:45 GMT" time="14.201" errors="0">
  <testcase name="loginWithBlankValidCredentials" time="2.520" classname="com.apex.test.samples.New"/>
  <testcase name="loginWithBlank" time="2.508" classname="com.apex.test.samples.New"/>
  <testcase name="loginWithBlankInvalidCredentials" time="4.045" classname="com.apex.test.samples.New"/>
  <testcase name="loginWithBlankUserId" time="2.552" classname="com.apex.test.samples.New"/>
  <testcase name="loginWithBlankPassword" time="2.576" classname="com.apex.test.samples.New"/>
</testsuite> <!-- com.apex.test.samples.New -->
