<?xml version="1.0" encoding="UTF-8"?>
<!-- Generated by org.testng.reporters.JUnitReportReporter -->
<testsuite hostname="DESKTOP-KERRSTN" name="com.magento.tests.CompareTwoProducts_TC4" tests="1" failures="0" timestamp="28 Apr 2019 21:49:38 GMT" time="46.843" errors="0">
  <testcase name="compareTwoProducts" time="46.843" classname="com.magento.tests.CompareTwoProducts_TC4"/>
</testsuite> <!-- com.magento.tests.CompareTwoProducts_TC4 -->
