<?xml version="1.0" encoding="UTF-8"?>
<!-- Generated by org.testng.reporters.JUnitReportReporter -->
<testsuite hostname="DESKTOP-KERRSTN" name="com.magento.tests.VerifyProductAddToCartMaxQuantity_TC3" tests="1" failures="0" timestamp="27 Apr 2019 07:18:58 GMT" time="9.714" errors="0">
  <testcase name="SuccessVerifyAddtocartMaxQuantity" time="9.714" classname="com.magento.tests.VerifyProductAddToCartMaxQuantity_TC3"/>
</testsuite> <!-- com.magento.tests.VerifyProductAddToCartMaxQuantity_TC3 -->
