<?xml version="1.0" encoding="UTF-8"?>
<!-- Generated by org.testng.reporters.JUnitReportReporter -->
<testsuite hostname="DESKTOP-KERRSTN" name="com.magento.tests.ExportOrderToCSVFile_TC10" tests="1" failures="0" timestamp="7 May 2019 00:59:54 GMT" time="33.285" errors="0">
  <testcase name="exportOrderToCSVFile" time="33.285" classname="com.magento.tests.ExportOrderToCSVFile_TC10"/>
</testsuite> <!-- com.magento.tests.ExportOrderToCSVFile_TC10 -->
