<?xml version="1.0" encoding="UTF-8"?>
<!-- Generated by org.testng.reporters.JUnitReportReporter -->
<testsuite hostname="DESKTOP-KERRSTN" name="com.magento.tests.DiscountCouponVerify_TC9" tests="1" failures="0" timestamp="7 May 2019 00:34:46 GMT" time="6.204" errors="0">
  <testcase name="discountCouponVerification" time="6.204" classname="com.magento.tests.DiscountCouponVerify_TC9"/>
</testsuite> <!-- com.magento.tests.DiscountCouponVerify_TC9 -->
