<?xml version="1.0" encoding="UTF-8"?>
<!-- Generated by org.testng.reporters.JUnitReportReporter -->
<testsuite hostname="DESKTOP-KERRSTN" name="com.magento.tests.SortMobileByName" tests="1" failures="0" timestamp="27 Apr 2019 00:14:50 GMT" time="19.964" errors="0">
  <testcase name="sortMobileName" time="19.964" classname="com.magento.tests.SortMobileByName"/>
</testsuite> <!-- com.magento.tests.SortMobileByName -->
