<?xml version="1.0" encoding="UTF-8"?>
<!-- Generated by org.testng.reporters.JUnitReportReporter -->
<testsuite hostname="DESKTOP-KERRSTN" name="com.magento.tests.CreateAccontAndShareWishListTest_TC5" tests="1" failures="0" timestamp="29 Apr 2019 06:22:01 GMT" time="13.113" errors="0">
  <testcase name="ShareWishList" time="13.113" classname="com.magento.tests.CreateAccontAndShareWishListTest_TC5"/>
</testsuite> <!-- com.magento.tests.CreateAccontAndShareWishListTest_TC5 -->
