<?xml version="1.0" encoding="UTF-8"?>
<!-- Generated by org.testng.reporters.JUnitReportReporter -->
<testsuite hostname="DESKTOP-KERRSTN" name="com.magento.tests.SortMobileByNameTest" tests="2" failures="0" timestamp="27 Apr 2019 02:22:50 GMT" time="5.883" errors="0">
  <testcase name="verifyTitle" time="4.001" classname="com.magento.tests.SortMobileByNameTest"/>
  <testcase name="sortMobileName" time="1.882" classname="com.magento.tests.SortMobileByNameTest"/>
</testsuite> <!-- com.magento.tests.SortMobileByNameTest -->
