<?xml version="1.0" encoding="UTF-8"?>
<!-- Generated by org.testng.reporters.JUnitReportReporter -->
<testsuite hostname="DESKTOP-KERRSTN" name="com.magento.tests.VerifyMobileCostInListandDetail_TC2" tests="1" failures="0" timestamp="27 Apr 2019 03:07:04 GMT" time="13.623" errors="0">
  <testcase name="verifyMobileCost" time="13.623" classname="com.magento.tests.VerifyMobileCostInListandDetail_TC2"/>
</testsuite> <!-- com.magento.tests.VerifyMobileCostInListandDetail_TC2 -->
