<?xml version="1.0" encoding="UTF-8"?>
<!-- Generated by org.testng.reporters.JUnitReportReporter -->
<testsuite hostname="DESKTOP-KERRSTN" name="com.magento.tests.ChangeOrReorderPreviouslyAddedProduct_TC8" tests="1" failures="0" timestamp="6 May 2019 04:04:18 GMT" time="36.688" errors="0">
  <testcase name="changeOrReorderProduct" time="36.688" classname="com.magento.tests.ChangeOrReorderPreviouslyAddedProduct_TC8"/>
</testsuite> <!-- com.magento.tests.ChangeOrReorderPreviouslyAddedProduct_TC8 -->
