<?xml version="1.0" encoding="UTF-8"?>
<!-- Generated by org.testng.reporters.JUnitReportReporter -->
<testsuite hostname="DESKTOP-KERRSTN" name="com.magento.tests.SaveOrderAsPDFTest_TC7" tests="1" failures="0" timestamp="5 May 2019 23:33:28 GMT" time="16.170" errors="0">
  <testcase name="saveOrderAsPdfFile" time="16.170" classname="com.magento.tests.SaveOrderAsPDFTest_TC7"/>
</testsuite> <!-- com.magento.tests.SaveOrderAsPDFTest_TC7 -->
